(t-transliterator.run
jobcontrol      > resuming randomizer with 0.17427635852912

ConTeXt  ver: 2011.01.12 10:20 MKIV  fmt: 2011.1.12  int: english/english

system          : cont-new loaded
(/home/laokoon/context/tex/texmf-local/tex/context/base/cont-new.tex
systems         : beware: some patches loaded from cont-new.tex
(/home/laokoon/context/tex/texmf-local/tex/context/base/cont-new.mkiv))
system          : cont-fil.mkiv loaded
(/home/laokoon/context/tex/texmf-local/tex/context/base/cont-fil.mkiv
loading         : ConTeXt File Synonyms
)
system          : cont-sys.rme loaded
(/home/laokoon/context/tex/texmf-local/tex/context/user/cont-sys.rme (/home/laokoon/context/tex/texmf-local/tex/context/base/type-def.mkiv) (/home/laokoon/context/tex/texmf-local/tex/context/base/type-lua.mkiv) (/home/laokoon/context/tex/texmf-local/tex/context/base/type-siz.mkiv) (/home/laokoon/context/tex/texmf-local/tex/context/base/type-otf.mkiv))
system          : cont-err loaded
(/home/laokoon/context/tex/texmf-local/tex/context/base/cont-err.tex
systems         : no file 'cont-sys.tex', using 'cont-sys.rme' instead
)
system          : t-transliterator.top loaded
%
%	begin of optionfile
%
%	% runtime options files (command line driven)
%	\unprotect
%	% feedback and basic job control
%	% handy for special styles
%	\startluacode
%	document = document or { }
%	document.arguments={
%	 ["ctx"]="s-mod",
%	 ["global"]=true,
%	 ["prep"]=true,
%	}
%	document.files={
%	 "t-transliterator.mkiv",
%	}
%	\stopluacode
%	% process info
%	\setupsystem[inputfile=t-transliterator.mkiv]
%	\setupsystem[\c!n=2,\c!m=3]
%	% modes
%	% options (not that important)
%	\startsetups *runtime:options
%	\setupoutput[pdftex]
%	\stopsetups
%	% styles and modules
%	\startsetups *runtime:modules
%	\usemodule[mod-01]
%	\stopsetups
%	% done
%	\protect \endinput
%
%	end of optionfile
%
(t-transliterator.top){/home/laokoon/context/tex/texmf/fonts/map/dvips/lm/lm-math.map}{/home/laokoon/context/tex/texmf/fonts/map/dvips/lm/lm-rm.map}{/home/laokoon/context/tex/texmf-local/fonts/map/pdftex/context/mkiv-base.map}
bodyfont        : 12pt rm is loaded
fonts           : preloading latin modern fonts (first stage)
language        : language en is active
system          : module mod-01 loaded
(/home/laokoon/context/tex/texmf-local/tex/context/base/s-mod-01.mkiv
system          : module mod-00 loaded
(/home/laokoon/context/tex/texmf-local/tex/context/base/s-mod-00.mkiv
system          : module units loaded
(/home/laokoon/context/tex/texmf-local/tex/context/base/m-units.mkiv)
system          : module int-load loaded
(/home/laokoon/context/tex/texmf-local/tex/context/base/x-set-11.mkiv
system          : module set-99 loaded
(/home/laokoon/context/tex/texmf-local/tex/context/base/x-set-99.tex)))
system          : module abr-01 loaded
(/home/laokoon/context/tex/texmf-local/tex/context/base/s-abr-01.tex)
interaction     : active
)
publications    : loading formatting style from bxml-apa
(/home/laokoon/context/tex/texmf-local/tex/context/base/bxml-apa.mkiv)
systems         : loading ctx log file (specified)
systems         : begin file t-transliterator.mkiv at line 1
(t-transliterator.mkiv.prep
backends        > using xmp file '/home/laokoon/context/tex/texmf-local/tex/context/base/lpdf-pdx.xml'
pages           > flushing realpage 1, userpage 1, subpage 1
pages           > flushing realpage 2, userpage 1
. . . . . . .
pages           > flushing realpage 3, userpage 1
. . . .
pages           > flushing realpage 4, userpage 2
. . .
pages           > flushing realpage 5, userpage 3
todo            : erase note backup
todo            : save note data
todo            : restore note data
)
pages           > flushing realpage 6, userpage 4
systems         : end file t-transliterator.mkiv at line 3
 )</home/laokoon/context/tex/texmf/fonts/opentype/public/lm/lmroman8-regular.otf></home/laokoon/context/tex/texmf/fonts/opentype/public/lm/lmromanslant10-regular.otf></home/laokoon/context/tex/texmf/fonts/opentype/public/lm/lmmonoslant10-regular.otf></home/laokoon/context/tex/texmf/fonts/opentype/public/lm/lmroman10-regular.otf></home/laokoon/context/tex/texmf/fonts/opentype/public/lm/lmsans8-regular.otf></home/laokoon/context/tex/texmf/fonts/opentype/public/lm/lmmono10-regular.otf></home/laokoon/context/tex/texmf/fonts/opentype/public/lm/lmsans10-regular.otf></home/laokoon/context/tex/texmf/fonts/opentype/public/lm/lmsans10-bold.otf>
mkiv lua stats : used config file          - /home/laokoon/context/tex/texmf/web2c/texmfcnf.lua
mkiv lua stats : used cache path           - /home/laokoon/context/tex/texmf-cache/luatex-cache/context/55e1647aff3662dd708444b60b7280b9
mkiv lua stats : input load time           - 0.040 seconds
mkiv lua stats : stored bytecode data      - 261 modules, 55 tables, 316 chunks
mkiv lua stats : loaded tex modules        - 6 requested, 6 found (*-abr-01 *-mod-00 *-mod-01 *-set-11 *-set-99 *-units), 0 missing
mkiv lua stats : cleaned up reserved nodes - 34 nodes, 9 lists of 419
mkiv lua stats : node memory usage         - 19 glue_spec
mkiv lua stats : node list callback tasks  - 6 unique task lists, 6 instances (re)created, 1653 calls
mkiv lua stats : attribute processing time - 0.062 seconds front- and backend
mkiv lua stats : used backend              - pdf (backend for directly generating pdf output)
mkiv lua stats : loaded patterns           - en::2
mkiv lua stats : language load time        - 0.062 seconds , nofpatterns: 1
mkiv lua stats : jobdata time              - 0.113 seconds saving, 0.036 seconds loading
mkiv lua stats : callbacks                 - direct: 2309, indirect: 7308, total: 9617
mkiv lua stats : xml load time             - 0.273 seconds, 2 files, 2 converted
mkiv lua stats : lxml preparation time     - 0.143 seconds, 6635 nodes, 19 lpath calls, 0 cached calls
mkiv lua stats : result saved in file      - t-transliterator.pdf
mkiv lua stats : loaded fonts              - 52 files: stmary10.afm lmmono10-regular.otf lmmono12-regular.otf lmmono8-regular.otf lmmono9-regular.otf lmmonoslant10-regular.otf lmroman10-bold.otf lmroman10-regular.otf lmroman12-bold.otf lmroman12-regular.otf lmroman5-bold.otf lmroman5-regular.otf lmroman7-bold.otf lmroman7-regular.otf lmroman8-regular.otf lmroman9-bold.otf lmroman9-regular.otf lmromanslant10-regular.otf lmsans10-bold.otf lmsans10-regular.otf lmsans12-regular.otf lmsans8-regular.otf lmsans9-regular.otf eufb10.tfm eufb7.tfm eufm10.tfm eufm5.tfm eufm7.tfm msam10.tfm msam5.tfm msam7.tfm msbm10.tfm msbm5.tfm msbm7.tfm lmex10.tfm lmmi10.tfm lmmi12.tfm lmmi5.tfm lmmi7.tfm lmmi9.tfm lmmib10.tfm lmmib5.tfm lmmib7.tfm lmsy10.tfm lmsy5.tfm lmsy7.tfm lmsy9.tfm rm-lmr10.tfm rm-lmr12.tfm rm-lmr5.tfm rm-lmr7.tfm rm-lmr9.tfm
mkiv lua stats : fonts load time           - 2.411 seconds 
mkiv lua stats : luatex banner             - this is luatex, version beta-0.65.0-2010121316
mkiv lua stats : control sequences         - 31917 of 165536
mkiv lua stats : current memory usage      - 52 MB (ctx: 53 MB)
mkiv lua stats : runtime                   - 7.008 seconds, 5 processed pages, 6 shipped pages, 0.856 pages/second

