(/home/phg/context/tex/texmf-context/tex/context/base/cont-yes.mkiv

ConTeXt  ver: 2013.03.27 13:27 MKIV  fmt: 2013.3.27  int: english/english

system          > 'cont-new.mkiv' loaded
(/home/phg/context/tex/texmf-context/tex/context/base/cont-new.mkiv
system          > beware: some patches loaded from cont-new.mkiv
)
system          > files > jobname 'transliterator', input 'transliterator', result 'transliterator'
fonts           > latin modern fonts are not preloaded
languages       > language 'en' is active
(transliterator.tex
fonts           > typescripts > unknown library 'loc'
fonts           > typescripts > unknown library 'cmu'
(/home/phg/context/tex/texmf-context/tex/context/base/type-imp-computer-modern-unicode.mkiv){/home/phg/context/tex/texmf/fonts/map/dvips/lm/lm-math.map}{/home/phg/context/tex/texmf/fonts/map/dvips/lm/lm-rm.map}{/home/phg/context/tex/texmf-context/fonts/map/pdftex/context/mkiv-base.map}
resolvers       > modules > 'bib' is loaded
(/home/phg/context/tex/texmf-context/tex/context/base/m-obsolete.mkiv
system          > skipping obsolete module
)
resolvers       > modules > 'transliterator' is loaded
(t-transliterator.mkiv
loading         > Transliteration from non-Latin scripts
)
publications    > loading formatting style from 'bibl-apa'
(/home/phg/context/tex/texmf-context/tex/context/bib/bibl-apa.tex)
resolvers       > modules > 'int-load' is loaded
(/home/phg/context/tex/texmf-context/tex/context/base/x-set-11.mkiv)
fonts           > bodyfont '19pt' is defined (can better be done global)
fonts           > bodyfont '22.8pt' is defined (can better be done global)
fonts           > bodyfont '15.2pt' is defined (can better be done global)
backend         > xmp > using file '/home/phg/context/tex/texmf-context/tex/context/base/lpdf-pdx.xml'
pages           > flushing realpage 1, userpage 1
pages           > flushing realpage 2, userpage 1
structure       > sectioning > title @ level 2 : 0.0 -> \headtext {content}
pages           > flushing realpage 3, userpage 1
structure       > sectioning > chapter @ level 2 : 0.1 -> Usage and Functionality
structure       > sectioning > section @ level 3 : 0.1.1 -> Overview

Underfull \hbox (badness 1062) in paragraph at lines 8--8
 [][][]\3>computer-modern-unicode-7pt-tt-tf-0--0 ru_old ru ru_tran-script_de ru_tran-script_de_exp 

\hbox(4.284+1.554)x286.48352, glue set 2.20059, direction TLT
.\glue(\leftskip) 14.0
.\whatsit
..\localinterlinepenalty=0
..\localbrokenpenalty=0
..\localleftbox=null
..\localrightbox=null
.\hbox(3.647+0.0)x0.0, glue set - 14.0fil, direction TLT
..\glue 0.0 plus 1.0fil minus 1.0fil
..\hbox(3.647+0.0)x14.0, direction TLT
...\hbox(3.647+0.0)x14.0, direction TLT []
.\hbox(4.277+0.042)x68.95004, glue set 36.75003fil, direction TLT
..\3>computer-modern-unicode-7pt-tt-tf-0--0 m
..\3>computer-modern-unicode-7pt-tt-tf-0--0 o
..\3>computer-modern-unicode-7pt-tt-tf-0--0 d
..\3>computer-modern-unicode-7pt-tt-tf-0--0 e
..\glue 0.0 plus 1.0fil minus 1.0fil
..etc.
.\3>computer-modern-unicode-7pt-tt-tf-0--0 r
.etc.

structure       > sectioning > section @ level 3 : 0.1.2 -> Loading and Configuring the Module
floatblocks     > 1 saved

Overfull \hbox (13.14894pt too wide) in paragraph at lines 384--389
\3>computer-modern-unicode-9pt-rm-tf-0--0 (-20) t\3>computer-modern-unicode-9pt-rm-tf-0--0 (-15) ha\3>computer-modern-unicode-9pt-rm-tf-0--0 (-20) t i\3>computer-modern-unicode-9pt-rm-tf-0--0 (-15) s used \3>computer-modern-unicode-9pt-rm-tf-0--0 (-20) f\3>computer-modern-unicode-9pt-rm-tf-0--0 (-15) o\3>computer-modern-unicode-9pt-rm-tf-0--0 (-20) r \3>computer-modern-unicode-9pt-rm-tf-0--0 (-15) h\3>computer-modern-unicode-9pt-rm-tf-0--0 (-20) y-\3>computer-modern-unicode-9pt-rm-tf-0--0 (-15) phen\3>computer-modern-unicode-9pt-rm-tf-0--0 (-20) -\3>computer-modern-unicode-9pt-rm-tf-0--0 (-15) a\3>computer-modern-unicode-9pt-rm-tf-0--0 (-20) ti\3>computer-modern-unicode-9pt-rm-tf-0--0 (-15) on\3>computer-modern-unicode-9pt-rm-tf-0--0 (-20) . \3>computer-modern-unicode-9pt-rm-tf-0--0 (-15) Spec\3>computer-modern-unicode-9pt-rm-tf-0--0 (-20) -i-fy-i\3>computer-modern-unicode-9pt-rm-tf-0--0 (-15) ng \3>computer-modern-unicode-9pt-tt-tf-0--0 \setuptransliterator[hyphenate=nl]

\hbox(6.345+2.052)x300.78351, glue set - 1.0, direction TLT
.\3>computer-modern-unicode-9pt-rm-tf-0--0 (-20) t
.\3>computer-modern-unicode-9pt-rm-tf-0--0 (-15) h
.\3>computer-modern-unicode-9pt-rm-tf-0--0 (-15) a
.\3>computer-modern-unicode-9pt-rm-tf-0--0 (-20) t
.\glue 2.997 plus 1.4985 minus 0.999
.etc.

pages           > flushing realpage 4, userpage 2
floatblocks     > 1 moved
floatblocks     > '1' moved
pages           > flushing realpage 5, userpage 3
pages           > flushing realpage 6, userpage 4
structure       > sectioning > chapter @ level 2 : 0.2 -> Introduction

Underfull \hbox (badness 10000) in paragraph at lines 444--446
 [][][] []

\hbox(7.80193+3.03406)x298.04852, glue set 11.68031, direction TLT
.\glue(\leftskip) 0.0 plus 18.0
.\whatsit
..\localinterlinepenalty=0
..\localbrokenpenalty=0
..\localleftbox=null
..\localrightbox=null
.\hbox(0.0+0.0)x0.0, direction TLT
.\hbox(7.80193+3.03406)x0.0, direction TLT
.\penalty 10000
.etc.


Underfull \hbox (badness 10000) in paragraph at lines 447--448
 [][]\3>computer-modern-unicode-9pt-rm-tf-0--0 G- C- []

\hbox(7.80193+3.03406)x298.04852, glue set 11.85895, direction TLT
.\glue(\leftskip) 0.0 plus 18.0
.\whatsit
..\localinterlinepenalty=0
..\localbrokenpenalty=0
..\localleftbox=null
..\localrightbox=null
.\hbox(0.0+0.0)x0.0, direction TLT
.\3>computer-modern-unicode-9pt-rm-tf-0--0 G
.\kern 0.45
.etc.

publications    > file 'transliterator.bbl' not found, waiting for bibtex
pages           > flushing realpage 7, userpage 5
pages           > flushing realpage 8, userpage 6
tabulate        > unknown preamble key: )
tabulate        > unknown preamble key: )
floatblocks     > '2' placed

Underfull \hbox (badness 1448) in paragraph at lines 583--606
[]\3>computer-modern-unicode-9pt-rm-tf-0--0 (+15) Fo\3>computer-modern-unicode-9pt-rm-tf-0--0 (+20) l-l\3>computer-modern-unicode-9pt-rm-tf-0--0 (+15) ow\3>computer-modern-unicode-9pt-rm-tf-0--0 (+20) -i\3>computer-modern-unicode-9pt-rm-tf-0--0 (+15) ng sug\3>computer-modern-unicode-9pt-rm-tf-0--0 (+20) -\3>computer-modern-unicode-9pt-rm-tf-0--0 (+15) ges\3>computer-modern-unicode-9pt-rm-tf-0--0 (+20) -ti\3>computer-modern-unicode-9pt-rm-tf-0--0 (+15) ons \3>computer-modern-unicode-9pt-rm-tf-0--0 (+20) fr\3>computer-modern-unicode-9pt-rm-tf-0--0 (+15) om

\hbox(6.345+1.854)x114.62021, glue set 2.43773, direction TLT
.\whatsit
..\localinterlinepenalty=0
..\localbrokenpenalty=0
..\localleftbox=null
..\localrightbox=null
.\3>computer-modern-unicode-9pt-rm-tf-0--0 (+15) F
.\kern -0.747
.\3>computer-modern-unicode-9pt-rm-tf-0--0 (+15) o
.\3>computer-modern-unicode-9pt-rm-tf-0--0 (+20) l
.etc.

pages           > flushing realpage 9, userpage 7
structure       > sectioning > chapter @ level 2 : 0.3 -> Examples
structure       > sectioning > section @ level 3 : 0.3.1 -> Cyrillic scripts
structure       > sectioning > subsection @ level 4 : 0.3.1.1 -> {\sc iso}~9 and derivatives
floatblocks     > order disturbed
floatblocks     > '3' placed
floatblocks     > order disturbed
floatblocks     > '4' placed
floatblocks     > order disturbed
floatblocks     > '5' placed

Underfull \hbox (badness 1286) in paragraph at lines 670--670
\3>computer-modern-unicode-7pt-rm-tf-0--0 мова, проста мова […]) -- слов’янська

\hbox(5.25+1.75)x132.82863, glue set 2.34581, direction TLT
.\3>computer-modern-unicode-7pt-rm-tf-0--0 м
.\3>computer-modern-unicode-7pt-rm-tf-0--0 о
.\3>computer-modern-unicode-7pt-rm-tf-0--0 в
.\3>computer-modern-unicode-7pt-rm-tf-0--0 а
.\3>computer-modern-unicode-7pt-rm-tf-0--0 ,
.etc.

floatblocks     > order disturbed
pages           > flushing realpage 10, userpage 8
floatblocks     > '6' placed
floatblocks     > order disturbed
floatblocks     > '7' placed
floatblocks     > order disturbed
floatblocks     > '8' placed
structure       > sectioning > subsection @ level 4 : 0.3.1.2 -> “Scientific” transliteration
pages           > flushing realpage 11, userpage 9
floatblocks     > order disturbed
floatblocks     > '9' placed

Underfull \hbox (badness 1158) in paragraph at lines 742--742
\3>computer-modern-unicode-7pt-rm-tf-0--0 лось в свои бе-ре-га. Оно ка-за-лось за-

\hbox(4.935+1.365)x132.82863, glue set 2.2658, direction TLT
.\3>computer-modern-unicode-7pt-rm-tf-0--0 л
.\3>computer-modern-unicode-7pt-rm-tf-0--0 о
.\3>computer-modern-unicode-7pt-rm-tf-0--0 с
.\3>computer-modern-unicode-7pt-rm-tf-0--0 ь
.\glue 2.331 plus 1.1655 minus 0.777
.etc.

floatblocks     > order disturbed
floatblocks     > '10' placed
floatblocks     > order disturbed
pages           > flushing realpage 12, userpage 10
floatblocks     > '11' placed
structure       > sectioning > subsection @ level 4 : 0.3.1.3 -> Serbian

Underfull \hbox (badness 2409) in paragraph at lines 767--767
[][][] \3>computer-modern-unicode-7pt-rm-tf-0--0 Српски језик је један од словенских

\hbox(5.76001+2.23999)x132.82863, glue set 2.89073, direction TLT
.\whatsit
..\localinterlinepenalty=0
..\localbrokenpenalty=0
..\localleftbox=null
..\localrightbox=null
.\hbox(0.0+0.0)x0.0, direction TLT
.\hbox(5.76001+2.23999)x0.0, direction TLT
.\penalty 10000
.\glue 0.0
.etc.


Overfull \hbox (6.67427pt too wide) in paragraph at lines 767--767
\3>computer-modern-unicode-7pt-rm-tf-0--0 Први писани споменици у српској редакцији

\hbox(4.781+1.435)x132.82863, glue set - 1.0, direction TLT
.\3>computer-modern-unicode-7pt-rm-tf-0--0 П
.\3>computer-modern-unicode-7pt-rm-tf-0--0 р
.\3>computer-modern-unicode-7pt-rm-tf-0--0 в
.\3>computer-modern-unicode-7pt-rm-tf-0--0 и
.\glue 2.331 plus 1.1655 minus 0.777
.etc.


Underfull \hbox (badness 3895) in paragraph at lines 767--767
[][]\3>computer-modern-unicode-7pt-rm-tf-0--0 Српски језик је стандардни језик у

\hbox(4.935+1.435)x132.82863, glue set 3.39165, direction TLT
.\whatsit
..\localinterlinepenalty=0
..\localbrokenpenalty=0
..\localleftbox=null
..\localrightbox=null
.\hbox(0.0+0.0)x0.0, direction TLT
.\3>computer-modern-unicode-7pt-rm-tf-0--0 С
.\3>computer-modern-unicode-7pt-rm-tf-0--0 р
.\3>computer-modern-unicode-7pt-rm-tf-0--0 п
.etc.

floatblocks     > order disturbed
floatblocks     > '12' placed

Underfull \hbox (badness 2409) in paragraph at lines 779--1
[][][] \3>computer-modern-unicode-7pt-rm-tf-0--0 Српски језик је један од словенских

\hbox(5.76001+2.23999)x132.82863, glue set 2.89073, direction TLT
.\whatsit
..\localinterlinepenalty=0
..\localbrokenpenalty=0
..\localleftbox=null
..\localrightbox=null
.\hbox(0.0+0.0)x0.0, direction TLT
.\hbox(5.76001+2.23999)x0.0, direction TLT
.\penalty 10000
.\glue 0.0
.etc.


Overfull \hbox (6.67427pt too wide) in paragraph at lines 779--1
\3>computer-modern-unicode-7pt-rm-tf-0--0 Први писани споменици у српској редакцији

\hbox(4.781+1.435)x132.82863, glue set - 1.0, direction TLT
.\3>computer-modern-unicode-7pt-rm-tf-0--0 П
.\3>computer-modern-unicode-7pt-rm-tf-0--0 р
.\3>computer-modern-unicode-7pt-rm-tf-0--0 в
.\3>computer-modern-unicode-7pt-rm-tf-0--0 и
.\glue 2.331 plus 1.1655 minus 0.777
.etc.


Underfull \hbox (badness 3895) in paragraph at lines 1--1
[][]\3>computer-modern-unicode-7pt-rm-tf-0--0 Српски језик је стандардни језик у

\hbox(4.935+1.435)x132.82863, glue set 3.39165, direction TLT
.\whatsit
..\localinterlinepenalty=0
..\localbrokenpenalty=0
..\localleftbox=null
..\localrightbox=null
.\hbox(0.0+0.0)x0.0, direction TLT
.\3>computer-modern-unicode-7pt-rm-tf-0--0 С
.\3>computer-modern-unicode-7pt-rm-tf-0--0 р
.\3>computer-modern-unicode-7pt-rm-tf-0--0 п
.etc.

floatblocks     > order disturbed
floatblocks     > '13' placed
structure       > sectioning > subsection @ level 4 : 0.3.1.4 -> Bulgarian
pages           > flushing realpage 13, userpage 11

Underfull \hbox (badness 1043) in paragraph at lines 790--790
\3>computer-modern-unicode-7pt-rm-tf-0--0 България и един от -те официални

\hbox(4.858+1.519)x132.82863, glue set 2.18564, direction TLT
.\3>computer-modern-unicode-7pt-rm-tf-0--0 Б
.\3>computer-modern-unicode-7pt-rm-tf-0--0 ъ
.\3>computer-modern-unicode-7pt-rm-tf-0--0 л
.\3>computer-modern-unicode-7pt-rm-tf-0--0 г
.\kern -0.196
.etc.

floatblocks     > order disturbed
floatblocks     > '14' placed
structure       > sectioning > subsection @ level 4 : 0.3.1.5 -> Legacy national transcriptions

Underfull \hbox (badness 1158) in paragraph at lines 812--812
\3>computer-modern-unicode-7pt-rm-tf-0--0 лось в свои бе-ре-га. Оно ка-за-лось за-

\hbox(4.935+1.365)x132.82863, glue set 2.2658, direction TLT
.\3>computer-modern-unicode-7pt-rm-tf-0--0 л
.\3>computer-modern-unicode-7pt-rm-tf-0--0 о
.\3>computer-modern-unicode-7pt-rm-tf-0--0 с
.\3>computer-modern-unicode-7pt-rm-tf-0--0 ь
.\glue 2.331 plus 1.1655 minus 0.777
.etc.


Overfull \hbox (3.4067pt too wide) in paragraph at lines 812--1
\3>computer-modern-unicode-7pt-rm-tf-0--0 neizvestny nam), prodolzhali svoye deystviye.

\hbox(5.25+1.75)x132.82863, glue set - 1.0, direction TLT
.\3>computer-modern-unicode-7pt-rm-tf-0--0 n
.\3>computer-modern-unicode-7pt-rm-tf-0--0 e
.\3>computer-modern-unicode-7pt-rm-tf-0--0 i
.\3>computer-modern-unicode-7pt-rm-tf-0--0 z
.\3>computer-modern-unicode-7pt-rm-tf-0--0 v
.etc.


Underfull \hbox (badness 1917) in paragraph at lines 812--1
\3>computer-modern-unicode-7pt-rm-tf-0--0 ra-zlich-nyye gruppy lyud-skikh stse-pleniy;

\hbox(4.858+1.442)x132.82863, glue set 2.67776, direction TLT
.\3>computer-modern-unicode-7pt-rm-tf-0--0 r
.\3>computer-modern-unicode-7pt-rm-tf-0--0 a
.\discretionary
..\3>computer-modern-unicode-7pt-rm-tf-0--0 -
.\3>computer-modern-unicode-7pt-rm-tf-0--0 z
.\3>computer-modern-unicode-7pt-rm-tf-0--0 l
.etc.

floatblocks     > order disturbed
floatblocks     > '15' placed

Underfull \hbox (badness 1158) in paragraph at lines 837--837
\3>computer-modern-unicode-7pt-rm-tf-0--0 лось в свои бе-ре-га. Оно ка-за-лось за-

\hbox(4.935+1.365)x132.82863, glue set 2.2658, direction TLT
.\3>computer-modern-unicode-7pt-rm-tf-0--0 л
.\3>computer-modern-unicode-7pt-rm-tf-0--0 о
.\3>computer-modern-unicode-7pt-rm-tf-0--0 с
.\3>computer-modern-unicode-7pt-rm-tf-0--0 ь
.\glue 2.331 plus 1.1655 minus 0.777
.etc.


Overfull \hbox (16.32732pt too wide) in paragraph at lines 837--1
\3>computer-modern-unicode-7pt-rm-tf-0--0 schije tsche-lo-wet-schestwo (tainst-wen-nyje potomu,

\hbox(5.25+1.75)x132.82863, glue set - 1.0, direction TLT
.\3>computer-modern-unicode-7pt-rm-tf-0--0 s
.\3>computer-modern-unicode-7pt-rm-tf-0--0 c
.\kern -0.196
.\3>computer-modern-unicode-7pt-rm-tf-0--0 h
.\3>computer-modern-unicode-7pt-rm-tf-0--0 i
.etc.


Overfull \hbox (2.56528pt too wide) in paragraph at lines 837--1
\3>computer-modern-unicode-7pt-rm-tf-0--0 sche-nije, neis-westny nam), pro-dol-schali swoje

\hbox(5.25+1.75)x132.82863, glue set - 1.0, direction TLT
.\3>computer-modern-unicode-7pt-rm-tf-0--0 s
.\3>computer-modern-unicode-7pt-rm-tf-0--0 c
.\kern -0.196
.\3>computer-modern-unicode-7pt-rm-tf-0--0 h
.\3>computer-modern-unicode-7pt-rm-tf-0--0 e
.etc.


Overfull \hbox (8.98431pt too wide) in paragraph at lines 837--1
\3>computer-modern-unicode-7pt-rm-tf-0--0 sche-nije wre-meni, dwi-ga-los tsche-lo-wet-schestwo.

\hbox(4.858+1.442)x132.82863, glue set - 1.0, direction TLT
.\3>computer-modern-unicode-7pt-rm-tf-0--0 s
.\3>computer-modern-unicode-7pt-rm-tf-0--0 c
.\kern -0.196
.\3>computer-modern-unicode-7pt-rm-tf-0--0 h
.\3>computer-modern-unicode-7pt-rm-tf-0--0 e
.etc.


Overfull \hbox (2.43924pt too wide) in paragraph at lines 837--1
\3>computer-modern-unicode-7pt-rm-tf-0--0 Slaga-lis, ras-laga-lis ras-lit-schnyje gruppy ljuds-

\hbox(4.935+1.442)x132.82863, glue set - 1.0, direction TLT
.\3>computer-modern-unicode-7pt-rm-tf-0--0 S
.\3>computer-modern-unicode-7pt-rm-tf-0--0 l
.\3>computer-modern-unicode-7pt-rm-tf-0--0 a
.\3>computer-modern-unicode-7pt-rm-tf-0--0 g
.\3>computer-modern-unicode-7pt-rm-tf-0--0 a
.etc.


Overfull \hbox (1.53627pt too wide) in paragraph at lines 837--1
\3>computer-modern-unicode-7pt-rm-tf-0--0 kich sze-p-leni; pod-go-towl-ja-lis prit-schiny obra-

\hbox(4.858+1.442)x132.82863, glue set - 1.0, direction TLT
.\3>computer-modern-unicode-7pt-rm-tf-0--0 k
.\3>computer-modern-unicode-7pt-rm-tf-0--0 i
.\3>computer-modern-unicode-7pt-rm-tf-0--0 c
.\kern -0.196
.\3>computer-modern-unicode-7pt-rm-tf-0--0 h
.etc.

floatblocks     > order disturbed
pages           > flushing realpage 14, userpage 12
floatblocks     > '16' placed
structure       > sectioning > section @ level 3 : 0.3.2 -> Glagolitic

Underfull \hbox (badness 2762) in paragraph at lines 854--854
\3>hlaholice-9pt-rm-tf-4--4 [.] [ⰰ] ⰵⱄⱅⱏ· ⱍⱃⱏⰲⰻ⁖ ⰻ [ⰿ] [..........] [..] ⰿⱏ

\hbox(4.39551+1.63037)x132.82863, glue set 3.0268, direction TLT
.\3>hlaholice-9pt-rm-tf-4--4 [
.\3>hlaholice-9pt-rm-tf-4--4 .
.\3>hlaholice-9pt-rm-tf-4--4 ]
.\glue 1.75 plus 0.875 minus 0.58333
.\3>hlaholice-9pt-rm-tf-4--4 [
.etc.

floatblocks     > order disturbed
floatblocks     > '17' placed
structure       > sectioning > section @ level 3 : 0.3.3 -> Greek
pages           > flushing realpage 15, userpage 13
floatblocks     > order disturbed
floatblocks     > '18' placed
floatblocks     > order disturbed
floatblocks     > '19' placed
pages           > flushing realpage 16, userpage 14
pages           > flushing realpage 17, userpage 15
structure       > sectioning > chapter @ level 2 : 0.4 -> References
publications    > placing all entries, use 'text' to be more selective
pages           > flushing realpage 18, userpage 16
 ) )</home/phg/context/tex/texmf/fonts/opentype/public/lm-math/latinmodern-math.otf></home/phg/.fonts/TTF/bamberg-kodeks/BukyVede-Regular.ttf></home/phg/.fonts/OTF/Computer_Modern_Unicode/cmunbx.otf></home/phg/.fonts/OTF/Computer_Modern_Unicode/cmunst.otf></home/phg/.fonts/OTF/Computer_Modern_Unicode/cmuntb.otf></home/phg/.fonts/OTF/Computer_Modern_Unicode/cmuntt.otf></home/phg/.fonts/OTF/Computer_Modern_Unicode/cmunsi.otf></home/phg/.fonts/OTF/Computer_Modern_Unicode/cmunss.otf></home/phg/.fonts/OTF/Computer_Modern_Unicode/cmunrm.otf></home/phg/.fonts/OTF/Computer_Modern_Unicode/cmunti.otf>

system          > files > start used files

used files      >    1: filename=cont-yes.mkiv filetype=tex foundname=/home/phg/context/tex/texmf-context/tex/context/base/cont-yes.mkiv usedmethod=database
used files      >    2: filename=cont-new.mkiv filetype=tex foundname=/home/phg/context/tex/texmf-context/tex/context/base/cont-new.mkiv usedmethod=database
used files      >    3: filename=lang-us.lua filetype=lua foundname=/home/phg/context/tex/texmf-context/tex/context/patterns/lang-us.lua usedmethod=database
used files      >    4: filename=transliterator.tex foundname=transliterator.tex usedmethod=direct
used files      >    5: filename=lm.lfg filetype=tex foundname=/home/phg/context/tex/texmf-context/tex/context/fonts/lm.lfg usedmethod=database
used files      >    6: filename=type-imp-computer-modern-unicode.mkiv filetype=tex foundname=/home/phg/context/tex/texmf-context/tex/context/base/type-imp-computer-modern-unicode.mkiv usedmethod=database
used files      >    7: filename=lm-math.lfg filetype=tex foundname=/home/phg/context/tex/texmf-context/tex/context/fonts/lm-math.lfg usedmethod=database
used files      >    8: filename=lm-math.map filetype=map format=map foundname=/home/phg/context/tex/texmf/fonts/map/dvips/lm/lm-math.map usedmethod=database
used files      >    9: filename=lm-rm.map filetype=map format=map foundname=/home/phg/context/tex/texmf/fonts/map/dvips/lm/lm-rm.map usedmethod=database
used files      >   10: filename=mkiv-base.map filetype=map format=map foundname=/home/phg/context/tex/texmf-context/fonts/map/pdftex/context/mkiv-base.map usedmethod=database
used files      >   11: filename=/home/phg/.fonts/OTF/Computer_Modern_Unicode/cmunrm.otf format=otf foundname=/home/phg/.fonts/OTF/Computer_Modern_Unicode/cmunrm.otf usedmethod=direct
used files      >   12: filename=latinmodern-math.otf filetype=opentypefonts foundname=/home/phg/context/tex/texmf/fonts/opentype/public/lm-math/latinmodern-math.otf usedmethod=database
used files      >   13: filename=latinmodern-math.otf filetype=otf format=otf foundname=/home/phg/context/tex/texmf/fonts/opentype/public/lm-math/latinmodern-math.otf usedmethod=database
used files      >   14: filename=m-obsolete.mkiv filetype=tex foundname=/home/phg/context/tex/texmf-context/tex/context/base/m-obsolete.mkiv usedmethod=database
used files      >   15: filename=t-transliterator.mkiv foundname=t-transliterator.mkiv usedmethod=direct
used files      >   16: filename=transliterator.lua format=tex foundname=transliterator.lua usedmethod=direct
used files      >   17: filename=trans_tables_iso9.lua format=tex foundname=trans_tables_iso9.lua usedmethod=direct
used files      >   18: filename=bibl-apa.tex filetype=tex foundname=/home/phg/context/tex/texmf-context/tex/context/bib/bibl-apa.tex usedmethod=database
used files      >   19: filename=x-set-11.mkiv filetype=tex foundname=/home/phg/context/tex/texmf-context/tex/context/base/x-set-11.mkiv usedmethod=database
used files      >   20: filename=t-transliterator.xml filetype=tex foundname=/home/phg/context/tex/texmf-local/tex/context/interface/third/t-transliterator.xml usedmethod=database
used files      >   21: filename=/home/phg/.fonts/OTF/Computer_Modern_Unicode/cmunti.otf format=otf foundname=/home/phg/.fonts/OTF/Computer_Modern_Unicode/cmunti.otf usedmethod=direct
used files      >   22: filename=lpdf-pdx.xml filetype=tex foundname=/home/phg/context/tex/texmf-context/tex/context/base/lpdf-pdx.xml usedmethod=database
used files      >   23: filename=/home/phg/.fonts/OTF/Computer_Modern_Unicode/cmunss.otf format=otf foundname=/home/phg/.fonts/OTF/Computer_Modern_Unicode/cmunss.otf usedmethod=direct
used files      >   24: filename=/home/phg/.fonts/OTF/Computer_Modern_Unicode/cmunsi.otf format=otf foundname=/home/phg/.fonts/OTF/Computer_Modern_Unicode/cmunsi.otf usedmethod=direct
used files      >   25: filename=/home/phg/.fonts/OTF/Computer_Modern_Unicode/cmuntt.otf format=otf foundname=/home/phg/.fonts/OTF/Computer_Modern_Unicode/cmuntt.otf usedmethod=direct
used files      >   26: filename=/home/phg/.fonts/OTF/Computer_Modern_Unicode/cmunsx.otf format=otf foundname=/home/phg/.fonts/OTF/Computer_Modern_Unicode/cmunsx.otf usedmethod=direct
used files      >   27: filename=/home/phg/.fonts/OTF/Computer_Modern_Unicode/cmuntb.otf format=otf foundname=/home/phg/.fonts/OTF/Computer_Modern_Unicode/cmuntb.otf usedmethod=direct
used files      >   28: filename=/home/phg/.fonts/OTF/Computer_Modern_Unicode/cmunst.otf format=otf foundname=/home/phg/.fonts/OTF/Computer_Modern_Unicode/cmunst.otf usedmethod=direct
used files      >   29: filename=/home/phg/.fonts/OTF/Computer_Modern_Unicode/cmunbx.otf format=otf foundname=/home/phg/.fonts/OTF/Computer_Modern_Unicode/cmunbx.otf usedmethod=direct
used files      >   30: filename=lang-cs.lua filetype=lua foundname=/home/phg/context/tex/texmf-context/tex/context/patterns/lang-cs.lua usedmethod=database
used files      >   31: filename=trans_tables_gr.lua format=tex foundname=trans_tables_gr.lua usedmethod=direct
used files      >   32: filename=trans_tables_sr.lua format=tex foundname=trans_tables_sr.lua usedmethod=direct
used files      >   33: filename=trans_tables_scntfc.lua format=tex foundname=trans_tables_scntfc.lua usedmethod=direct
used files      >   34: filename=/home/phg/.fonts/TTF/bamberg-kodeks/BukyVede-Regular.ttf format=ttf foundname=/home/phg/.fonts/TTF/bamberg-kodeks/BukyVede-Regular.ttf usedmethod=direct
used files      >   35: filename=lang-ru.lua filetype=lua foundname=/home/phg/context/tex/texmf-context/tex/context/patterns/lang-ru.lua usedmethod=database
used files      >   36: filename=lang-gb.lua filetype=lua foundname=/home/phg/context/tex/texmf-context/tex/context/patterns/lang-gb.lua usedmethod=database
used files      >   37: filename=trans_tables_trsc.lua format=tex foundname=trans_tables_trsc.lua usedmethod=direct
used files      >   38: filename=lang-hr.lua filetype=lua foundname=/home/phg/context/tex/texmf-context/tex/context/patterns/lang-hr.lua usedmethod=database
used files      >   39: filename=trans_tables_bg.lua format=tex foundname=trans_tables_bg.lua usedmethod=direct
used files      >   40: filename=lang-deo.lua filetype=lua foundname=/home/phg/context/tex/texmf-context/tex/context/patterns/lang-deo.lua usedmethod=database
used files      >   41: filename=trans_tables_glag.lua format=tex foundname=trans_tables_glag.lua usedmethod=direct
used files      >   42: filename=lang-agr.lua filetype=lua foundname=/home/phg/context/tex/texmf-context/tex/context/patterns/lang-agr.lua usedmethod=database
used files      >   43: filename=lang-de.lua filetype=lua foundname=/home/phg/context/tex/texmf-context/tex/context/patterns/lang-de.lua usedmethod=database

system          > files > stop used files


system          > structure > start used structure

used structure  > text: transliterator

system          > structure > stop used structure


system          > files > start used files

used file       >    1: filename=cont-yes.mkiv filetype=tex foundname=/home/phg/context/tex/texmf-context/tex/context/base/cont-yes.mkiv usedmethod=database
used file       >    2: filename=cont-new.mkiv filetype=tex foundname=/home/phg/context/tex/texmf-context/tex/context/base/cont-new.mkiv usedmethod=database
used file       >    3: filename=lang-us.lua filetype=lua foundname=/home/phg/context/tex/texmf-context/tex/context/patterns/lang-us.lua usedmethod=database
used file       >    4: filename=transliterator.tex foundname=transliterator.tex usedmethod=direct
used file       >    5: filename=lm.lfg filetype=tex foundname=/home/phg/context/tex/texmf-context/tex/context/fonts/lm.lfg usedmethod=database
used file       >    6: filename=type-imp-computer-modern-unicode.mkiv filetype=tex foundname=/home/phg/context/tex/texmf-context/tex/context/base/type-imp-computer-modern-unicode.mkiv usedmethod=database
used file       >    7: filename=lm-math.lfg filetype=tex foundname=/home/phg/context/tex/texmf-context/tex/context/fonts/lm-math.lfg usedmethod=database
used file       >    8: filename=lm-math.map filetype=map format=map foundname=/home/phg/context/tex/texmf/fonts/map/dvips/lm/lm-math.map usedmethod=database
used file       >    9: filename=lm-rm.map filetype=map format=map foundname=/home/phg/context/tex/texmf/fonts/map/dvips/lm/lm-rm.map usedmethod=database
used file       >   10: filename=mkiv-base.map filetype=map format=map foundname=/home/phg/context/tex/texmf-context/fonts/map/pdftex/context/mkiv-base.map usedmethod=database
used file       >   11: filename=/home/phg/.fonts/OTF/Computer_Modern_Unicode/cmunrm.otf format=otf foundname=/home/phg/.fonts/OTF/Computer_Modern_Unicode/cmunrm.otf usedmethod=direct
used file       >   12: filename=latinmodern-math.otf filetype=opentypefonts foundname=/home/phg/context/tex/texmf/fonts/opentype/public/lm-math/latinmodern-math.otf usedmethod=database
used file       >   13: filename=latinmodern-math.otf filetype=otf format=otf foundname=/home/phg/context/tex/texmf/fonts/opentype/public/lm-math/latinmodern-math.otf usedmethod=database
used file       >   14: filename=m-obsolete.mkiv filetype=tex foundname=/home/phg/context/tex/texmf-context/tex/context/base/m-obsolete.mkiv usedmethod=database
used file       >   15: filename=t-transliterator.mkiv foundname=t-transliterator.mkiv usedmethod=direct
used file       >   16: filename=transliterator.lua format=tex foundname=transliterator.lua usedmethod=direct
used file       >   17: filename=trans_tables_iso9.lua format=tex foundname=trans_tables_iso9.lua usedmethod=direct
used file       >   18: filename=bibl-apa.tex filetype=tex foundname=/home/phg/context/tex/texmf-context/tex/context/bib/bibl-apa.tex usedmethod=database
used file       >   19: filename=x-set-11.mkiv filetype=tex foundname=/home/phg/context/tex/texmf-context/tex/context/base/x-set-11.mkiv usedmethod=database
used file       >   20: filename=t-transliterator.xml filetype=tex foundname=/home/phg/context/tex/texmf-local/tex/context/interface/third/t-transliterator.xml usedmethod=database
used file       >   21: filename=/home/phg/.fonts/OTF/Computer_Modern_Unicode/cmunti.otf format=otf foundname=/home/phg/.fonts/OTF/Computer_Modern_Unicode/cmunti.otf usedmethod=direct
used file       >   22: filename=lpdf-pdx.xml filetype=tex foundname=/home/phg/context/tex/texmf-context/tex/context/base/lpdf-pdx.xml usedmethod=database
used file       >   23: filename=/home/phg/.fonts/OTF/Computer_Modern_Unicode/cmunss.otf format=otf foundname=/home/phg/.fonts/OTF/Computer_Modern_Unicode/cmunss.otf usedmethod=direct
used file       >   24: filename=/home/phg/.fonts/OTF/Computer_Modern_Unicode/cmunsi.otf format=otf foundname=/home/phg/.fonts/OTF/Computer_Modern_Unicode/cmunsi.otf usedmethod=direct
used file       >   25: filename=/home/phg/.fonts/OTF/Computer_Modern_Unicode/cmuntt.otf format=otf foundname=/home/phg/.fonts/OTF/Computer_Modern_Unicode/cmuntt.otf usedmethod=direct
used file       >   26: filename=/home/phg/.fonts/OTF/Computer_Modern_Unicode/cmunsx.otf format=otf foundname=/home/phg/.fonts/OTF/Computer_Modern_Unicode/cmunsx.otf usedmethod=direct
used file       >   27: filename=/home/phg/.fonts/OTF/Computer_Modern_Unicode/cmuntb.otf format=otf foundname=/home/phg/.fonts/OTF/Computer_Modern_Unicode/cmuntb.otf usedmethod=direct
used file       >   28: filename=/home/phg/.fonts/OTF/Computer_Modern_Unicode/cmunst.otf format=otf foundname=/home/phg/.fonts/OTF/Computer_Modern_Unicode/cmunst.otf usedmethod=direct
used file       >   29: filename=/home/phg/.fonts/OTF/Computer_Modern_Unicode/cmunbx.otf format=otf foundname=/home/phg/.fonts/OTF/Computer_Modern_Unicode/cmunbx.otf usedmethod=direct
used file       >   30: filename=lang-cs.lua filetype=lua foundname=/home/phg/context/tex/texmf-context/tex/context/patterns/lang-cs.lua usedmethod=database
used file       >   31: filename=trans_tables_gr.lua format=tex foundname=trans_tables_gr.lua usedmethod=direct
used file       >   32: filename=trans_tables_sr.lua format=tex foundname=trans_tables_sr.lua usedmethod=direct
used file       >   33: filename=trans_tables_scntfc.lua format=tex foundname=trans_tables_scntfc.lua usedmethod=direct
used file       >   34: filename=/home/phg/.fonts/TTF/bamberg-kodeks/BukyVede-Regular.ttf format=ttf foundname=/home/phg/.fonts/TTF/bamberg-kodeks/BukyVede-Regular.ttf usedmethod=direct
used file       >   35: filename=lang-ru.lua filetype=lua foundname=/home/phg/context/tex/texmf-context/tex/context/patterns/lang-ru.lua usedmethod=database
used file       >   36: filename=lang-gb.lua filetype=lua foundname=/home/phg/context/tex/texmf-context/tex/context/patterns/lang-gb.lua usedmethod=database
used file       >   37: filename=trans_tables_trsc.lua format=tex foundname=trans_tables_trsc.lua usedmethod=direct
used file       >   38: filename=lang-hr.lua filetype=lua foundname=/home/phg/context/tex/texmf-context/tex/context/patterns/lang-hr.lua usedmethod=database
used file       >   39: filename=trans_tables_bg.lua format=tex foundname=trans_tables_bg.lua usedmethod=direct
used file       >   40: filename=lang-deo.lua filetype=lua foundname=/home/phg/context/tex/texmf-context/tex/context/patterns/lang-deo.lua usedmethod=database
used file       >   41: filename=trans_tables_glag.lua format=tex foundname=trans_tables_glag.lua usedmethod=direct
used file       >   42: filename=lang-agr.lua filetype=lua foundname=/home/phg/context/tex/texmf-context/tex/context/patterns/lang-agr.lua usedmethod=database
used file       >   43: filename=lang-de.lua filetype=lua foundname=/home/phg/context/tex/texmf-context/tex/context/patterns/lang-de.lua usedmethod=database

system          > files > stop used files


system          > options > start commandline options

used option     > currentrun="1"
used option     > fulljobname="./transliterator.tex"
used option     > input="./transliterator.tex"
used option     > kindofrun="1"
used option     > maxnofruns="8"
used option     > no-parse-first-line="true"

system          > options > stop commandline options

system          > options > start commandline files

used file       >    1: ./transliterator.tex

system          > options > stop commandline files


mkiv lua stats  > used config file: selfautoparent:/texmf/web2c/texmfcnf.lua
mkiv lua stats  > used cache path: /home/phg/context/tex/texmf-cache/luatex-cache/context/5fe67e0bfe781ce0dde776fb1556f32e
mkiv lua stats  > resource resolver: loadtime 0.005 seconds, 0 scans with scantime 0.000 seconds, 0 shared scans, 43 found files, scanned paths: <none>
mkiv lua stats  > stored bytecode data: 323 modules (0.110 sec), 69 tables (0.010 sec), 392 chunks (0.120 sec)
mkiv lua stats  > cleaned up reserved nodes: 44 nodes, 9 lists of 441
mkiv lua stats  > node memory usage: 2 glue, 2 penalty, 141 attribute, 189 glue_spec, 22 attribute_list
mkiv lua stats  > node list callback tasks: 6 unique task lists, 9 instances (re)created, 2629 calls
mkiv lua stats  > h-node processing time: 0.359 seconds including kernel
mkiv lua stats  > attribute processing time: 0.088 seconds front- and backend
mkiv lua stats  > used backend: pdf (backend for directly generating pdf output)
mkiv lua stats  > loaded tex modules: 3 requested, all found (*-obsolete *-set-11 *-transliterator)
mkiv lua stats  > loaded patterns: agr:gr:50 cs::16 de::3 deo:de:9 en::2 en-gb:en:13 hr::18 ru::20
mkiv lua stats  > jobdata time: 0.007 seconds saving, 0.002 seconds loading
mkiv lua stats  > callbacks: 6720 direct, 2472 indirect, 9192 total
mkiv lua stats  > randomizer: resumed with value 0.54238128920197
mkiv lua stats  > xml load time: 0.001 seconds, 1 files, 1 converted
mkiv lua stats  > lxml preparation time: 0.000 seconds, 44 nodes, 34 lpath calls, 9 cached calls
mkiv lua stats  > interactive elements: 52 references, 48 destinations
mkiv lua stats  > v-node processing time: 0.020 seconds 
mkiv lua stats  > result saved in file: transliterator.pdf, compresslevel 3, objectcompreslevel 3
mkiv lua stats  > loaded fonts: 11 files: cmunbx.otf cmunrm.otf cmunsi.otf cmunss.otf cmunst.otf cmunsx.otf cmuntb.otf cmunti.otf cmuntt.otf bukyvede-regular.ttf latinmodern-math.otf
mkiv lua stats  > fonts load time: 0.799 seconds 
mkiv lua stats  > pdf annotations: 52 embedded, 43 unique
mkiv lua stats  > luatex banner: this is luatex, version beta-0.75.0-2013031401  (tex live 2013/dev)(rev 4589)
mkiv lua stats  > control sequences: 39462 of 65536 + 100000
mkiv lua stats  > current memory usage: 137 MB (ctx: 130 MB)
mkiv lua stats  > runtime: 2.875 seconds, 18 processed pages, 18 shipped pages, 6.261 pages/second

